<?xml version="1.0" encoding="UTF-8"?>
<testsuite xmlns:xsi="http://www.w3.org/2001/XMLSchema-instance" xsi:noNamespaceSchemaLocation="https://maven.apache.org/surefire/maven-surefire-plugin/xsd/surefire-test-report-3.0.xsd" version="3.0" name="com.example.AppTest" time="0.023" tests="1" errors="0" skipped="0" failures="0">
  <properties>
    <property name="java.specification.version" value="17"/>
    <property name="sun.cpu.isalist" value="amd64"/>
    <property name="sun.jnu.encoding" value="Cp1252"/>
    <property name="java.class.path" value="C:\Users\Kruthi\OneDrive\Desktop\mp6\myapp\target\test-classes;C:\Users\Kruthi\OneDrive\Desktop\mp6\myapp\target\classes;C:\Users\Kruthi\.m2\repository\junit\junit\3.8.1\junit-3.8.1.jar;"/>
    <property name="java.vm.vendor" value="Eclipse Adoptium"/>
    <property name="sun.arch.data.model" value="64"/>
    <property name="user.variant" value=""/>
    <property name="java.vendor.url" value="https://adoptium.net/"/>
    <property name="user.timezone" value="Asia/Calcutta"/>
    <property name="os.name" value="Windows 11"/>
    <property name="java.vm.specification.version" value="17"/>
    <property name="sun.java.launcher" value="SUN_STANDARD"/>
    <property name="user.country" value="IN"/>
    <property name="sun.boot.library.path" value="C:\Users\Kruthi\AppData\Local\Programs\Eclipse Adoptium\jdk-17.0.11.9-hotspot\bin"/>
    <property name="sun.java.command" value="C:\Users\Kruthi\AppData\Local\Temp\surefire2667505793813875003\surefirebooter-20250611020230081_3.jar C:\Users\Kruthi\AppData\Local\Temp\surefire2667505793813875003 2025-06-11T02-02-29_769-jvmRun1 surefire-20250611020230081_1tmp surefire_0-20250611020230081_2tmp"/>
    <property name="jdk.debug" value="release"/>
    <property name="surefire.test.class.path" value="C:\Users\Kruthi\OneDrive\Desktop\mp6\myapp\target\test-classes;C:\Users\Kruthi\OneDrive\Desktop\mp6\myapp\target\classes;C:\Users\Kruthi\.m2\repository\junit\junit\3.8.1\junit-3.8.1.jar;"/>
    <property name="sun.cpu.endian" value="little"/>
    <property name="user.home" value="C:\Users\Kruthi"/>
    <property name="user.language" value="en"/>
    <property name="java.specification.vendor" value="Oracle Corporation"/>
    <property name="java.version.date" value="2024-04-16"/>
    <property name="java.home" value="C:\Users\Kruthi\AppData\Local\Programs\Eclipse Adoptium\jdk-17.0.11.9-hotspot"/>
    <property name="file.separator" value="\"/>
    <property name="basedir" value="C:\Users\Kruthi\OneDrive\Desktop\mp6\myapp"/>
    <property name="java.vm.compressedOopsMode" value="32-bit"/>
    <property name="line.separator" value="&#10;"/>
    <property name="java.vm.specification.vendor" value="Oracle Corporation"/>
    <property name="java.specification.name" value="Java Platform API Specification"/>
    <property name="surefire.real.class.path" value="C:\Users\Kruthi\AppData\Local\Temp\surefire2667505793813875003\surefirebooter-20250611020230081_3.jar"/>
    <property name="user.script" value=""/>
    <property name="sun.management.compiler" value="HotSpot 64-Bit Tiered Compilers"/>
    <property name="java.runtime.version" value="17.0.11+9"/>
    <property name="user.name" value="Kruthi"/>
    <property name="path.separator" value=";"/>
    <property name="os.version" value="10.0"/>
    <property name="java.runtime.name" value="OpenJDK Runtime Environment"/>
    <property name="file.encoding" value="Cp1252"/>
    <property name="java.vm.name" value="OpenJDK 64-Bit Server VM"/>
    <property name="java.vendor.version" value="Temurin-17.0.11+9"/>
    <property name="localRepository" value="C:\Users\Kruthi\.m2\repository"/>
    <property name="java.vendor.url.bug" value="https://github.com/adoptium/adoptium-support/issues"/>
    <property name="java.io.tmpdir" value="C:\Users\Kruthi\AppData\Local\Temp\"/>
    <property name="java.version" value="17.0.11"/>
    <property name="user.dir" value="C:\Users\Kruthi\OneDrive\Desktop\mp6\myapp"/>
    <property name="os.arch" value="amd64"/>
    <property name="java.vm.specification.name" value="Java Virtual Machine Specification"/>
    <property name="sun.os.patch.level" value=""/>
    <property name="native.encoding" value="Cp1252"/>
    <property name="java.library.path" value="C:\Users\Kruthi\AppData\Local\Programs\Eclipse Adoptium\jdk-17.0.11.9-hotspot\bin;C:\WINDOWS\Sun\Java\bin;C:\WINDOWS\system32;C:\WINDOWS;C:\Program Files\Microsoft SDKs\Azure\CLI2\wbin;C:\WINDOWS\system32;C:\WINDOWS;C:\WINDOWS\System32\Wbem;C:\WINDOWS\System32\WindowsPowerShell\v1.0\;C:\WINDOWS\System32\OpenSSH\;C:\Program Files\dotnet\;C:\Program Files\Tesseract-OCR;C:\Program Files\Git\cmd;C:\Users\Kruthi\project\boxmot\boxmot\trackers\strongsort;C:\Users\Kruthi\vscode\accident\;C:\ProgramData\chocolatey\bin;C:\Program Files\Docker\Docker\resources\bin;C:\Program Files\Go\bin;C:\Users\Kruthi\Downloads\apache-maven-3.9.9-bin\apache-maven-3.9.9\bin;C:\Users\Kruthi\OneDrive\Desktop\kk\java\apache-maven-3.9.9-bin\apache-maven-3.9.9\bin;C:\Program Files\MySQL\MySQL Server 8.0\bin;C:\Users\Kruthi\Downloads\eclipse-jee-indigo-SR2-win32-x86_64\eclipse\eclipsec.exe;C:\Users\Kruthi\OneDrive\Desktop\sign_lang\RealTimeObjectDetection\Tensorflow\models\research\protoc-30.1-win64\bin;C:\Users\Kruthi\AppData\Roaming\npm\;C:\Users\Kruthi\Downloads\gradle-8.14.1-bin\gradle-8.14.1\bin;C:\Users\Kruthi\Downloads\apache-maven-3.9.9-bin\apache-maven-3.9.9\bin;C:\Users\Kruthi\AppData\Local\Programs\Eclipse Adoptium\jdk-17.0.11.9-hotspot\bin;C:\Users\Kruthi\AppData\Local\Programs\Python\Python310\Scripts\;C:\Users\Kruthi\AppData\Local\Programs\Python\Python310\;C:\Users\Kruthi\AppData\Local\Programs\Python\Launcher\;C:\Users\Kruthi\AppData\Local\Programs\Python\Python310;C:\Program Files\Microsoft SDKs\Azure\CLI2\wbin;C:\WINDOWS\system32;C:\WINDOWS;C:\WINDOWS\System32\Wbem;C:\WINDOWS\System32\WindowsPowerShell\v1.0\;C:\WINDOWS\System32\OpenSSH\;C:\Program Files\dotnet\;C:\Program Files\Tesseract-OCR;C:\Program Files\Git\cmd;C:\Users\Kruthi\project\boxmot\boxmot\trackers\strongsort;C:\Users\Kruthi\vscode\accident\;C:\ProgramData\chocolatey\bin;C:\Program Files\Docker\Docker\resources\bin;C:\Program Files\Go\bin;C:\Users\Kruthi\Downloads\apache-maven-3.9.9-bin\apache-maven-3.9.9\bin;C:\Users\Kruthi\OneDrive\Desktop\kk\java\apache-maven-3.9.9-bin\apache-maven-3.9.9\bin;C:\Program Files\MySQL\MySQL Server 8.0\bin;C:\Users\Kruthi\Downloads\eclipse-jee-indigo-SR2-win32-x86_64\eclipse\eclipsec.exe;C:\Users\Kruthi\OneDrive\Desktop\sign_lang\RealTimeObjectDetection\Tensorflow\models\research\protoc-30.1-win64\bin;C:\Users\Kruthi\AppData\Roaming\npm\;C:\Users\Kruthi\Downloads\gradle-8.14.1-bin\gradle-8.14.1\bin;C:\Users\Kruthi\Downloads\apache-maven-3.9.9-bin\apache-maven-3.9.9\bin;C:\Users\Kruthi\AppData\Local\Programs\Eclipse Adoptium\jdk-17.0.11.9-hotspot\bin;;C:\Users\Kruthi\AppData\Local\Programs\Microsoft VS Code\bin;C:\Users\Kruthi\AppData\Local\Programs\Microsoft VS Code Insiders\bin;C:\Users\Kruthi\AppData\Roaming\npm\;C:\Users\Kruthi\Downloads\apache-maven-3.9.9-bin\apache-maven-3.9.9\bin;;."/>
    <property name="java.vm.info" value="mixed mode, sharing"/>
    <property name="java.vendor" value="Eclipse Adoptium"/>
    <property name="java.vm.version" value="17.0.11+9"/>
    <property name="sun.io.unicode.encoding" value="UnicodeLittle"/>
    <property name="java.class.version" value="61.0"/>
  </properties>
  <testcase name="testApp" classname="com.example.AppTest" time="0.002"/>
</testsuite>